Determining if the pthread_create exist failed with the following output:
Change Dir: /content/root_src_37/root_build/CMakeFiles/CMakeTmp

Run Build Command:"/usr/bin/make" "cmTC_f213f/fast"
/usr/bin/make -f CMakeFiles/cmTC_f213f.dir/build.make CMakeFiles/cmTC_f213f.dir/build
make[1]: Entering directory '/content/root_src_37/root_build/CMakeFiles/CMakeTmp'
Building C object CMakeFiles/cmTC_f213f.dir/CheckSymbolExists.c.o
/usr/bin/cc    -o CMakeFiles/cmTC_f213f.dir/CheckSymbolExists.c.o   -c /content/root_src_37/root_build/CMakeFiles/CMakeTmp/CheckSymbolExists.c
Linking C executable cmTC_f213f
/usr/local/lib/python2.7/dist-packages/cmake/data/bin/cmake -E cmake_link_script CMakeFiles/cmTC_f213f.dir/link.txt --verbose=1
/usr/bin/cc      CMakeFiles/cmTC_f213f.dir/CheckSymbolExists.c.o  -o cmTC_f213f 
CMakeFiles/cmTC_f213f.dir/CheckSymbolExists.c.o: In function `main':
CheckSymbolExists.c:(.text+0x1b): undefined reference to `pthread_create'
collect2: error: ld returned 1 exit status
CMakeFiles/cmTC_f213f.dir/build.make:86: recipe for target 'cmTC_f213f' failed
make[1]: *** [cmTC_f213f] Error 1
make[1]: Leaving directory '/content/root_src_37/root_build/CMakeFiles/CMakeTmp'
Makefile:121: recipe for target 'cmTC_f213f/fast' failed
make: *** [cmTC_f213f/fast] Error 2

File /content/root_src_37/root_build/CMakeFiles/CMakeTmp/CheckSymbolExists.c:
/* */
#include <pthread.h>

int main(int argc, char** argv)
{
  (void)argv;
#ifndef pthread_create
  return ((int*)(&pthread_create))[argc];
#else
  (void)argc;
  return 0;
#endif
}

Determining if the function pthread_create exists in the pthreads failed with the following output:
Change Dir: /content/root_src_37/root_build/CMakeFiles/CMakeTmp

Run Build Command:"/usr/bin/make" "cmTC_a0747/fast"
/usr/bin/make -f CMakeFiles/cmTC_a0747.dir/build.make CMakeFiles/cmTC_a0747.dir/build
make[1]: Entering directory '/content/root_src_37/root_build/CMakeFiles/CMakeTmp'
Building C object CMakeFiles/cmTC_a0747.dir/CheckFunctionExists.c.o
/usr/bin/cc   -DCHECK_FUNCTION_EXISTS=pthread_create   -o CMakeFiles/cmTC_a0747.dir/CheckFunctionExists.c.o   -c /usr/local/lib/python2.7/dist-packages/cmake/data/share/cmake-3.12/Modules/CheckFunctionExists.c
Linking C executable cmTC_a0747
/usr/local/lib/python2.7/dist-packages/cmake/data/bin/cmake -E cmake_link_script CMakeFiles/cmTC_a0747.dir/link.txt --verbose=1
/usr/bin/cc  -DCHECK_FUNCTION_EXISTS=pthread_create    CMakeFiles/cmTC_a0747.dir/CheckFunctionExists.c.o  -o cmTC_a0747 -lpthreads 
/usr/bin/ld: cannot find -lpthreads
collect2: error: ld returned 1 exit status
CMakeFiles/cmTC_a0747.dir/build.make:86: recipe for target 'cmTC_a0747' failed
make[1]: *** [cmTC_a0747] Error 1
make[1]: Leaving directory '/content/root_src_37/root_build/CMakeFiles/CMakeTmp'
Makefile:121: recipe for target 'cmTC_a0747/fast' failed
make: *** [cmTC_a0747/fast] Error 2


Determining if the pthread_create exist failed with the following output:
Change Dir: /content/root_src_37/root_build/CMakeFiles/CMakeTmp

Run Build Command:"/usr/bin/make" "cmTC_032fa/fast"
/usr/bin/make -f CMakeFiles/cmTC_032fa.dir/build.make CMakeFiles/cmTC_032fa.dir/build
make[1]: Entering directory '/content/root_src_37/root_build/CMakeFiles/CMakeTmp'
Building C object CMakeFiles/cmTC_032fa.dir/CheckSymbolExists.c.o
/usr/bin/cc    -o CMakeFiles/cmTC_032fa.dir/CheckSymbolExists.c.o   -c /content/root_src_37/root_build/CMakeFiles/CMakeTmp/CheckSymbolExists.c
Linking C executable cmTC_032fa
/usr/local/lib/python2.7/dist-packages/cmake/data/bin/cmake -E cmake_link_script CMakeFiles/cmTC_032fa.dir/link.txt --verbose=1
/usr/bin/cc      CMakeFiles/cmTC_032fa.dir/CheckSymbolExists.c.o  -o cmTC_032fa 
CMakeFiles/cmTC_032fa.dir/CheckSymbolExists.c.o: In function `main':
CheckSymbolExists.c:(.text+0x1b): undefined reference to `pthread_create'
collect2: error: ld returned 1 exit status
CMakeFiles/cmTC_032fa.dir/build.make:86: recipe for target 'cmTC_032fa' failed
make[1]: *** [cmTC_032fa] Error 1
make[1]: Leaving directory '/content/root_src_37/root_build/CMakeFiles/CMakeTmp'
Makefile:121: recipe for target 'cmTC_032fa/fast' failed
make: *** [cmTC_032fa/fast] Error 2

File /content/root_src_37/root_build/CMakeFiles/CMakeTmp/CheckSymbolExists.c:
/* */
#include <pthread.h>

int main(int argc, char** argv)
{
  (void)argv;
#ifndef pthread_create
  return ((int*)(&pthread_create))[argc];
#else
  (void)argc;
  return 0;
#endif
}

Determining if the function pthread_create exists in the pthreads failed with the following output:
Change Dir: /content/root_src_37/root_build/CMakeFiles/CMakeTmp

Run Build Command:"/usr/bin/make" "cmTC_faf46/fast"
/usr/bin/make -f CMakeFiles/cmTC_faf46.dir/build.make CMakeFiles/cmTC_faf46.dir/build
make[1]: Entering directory '/content/root_src_37/root_build/CMakeFiles/CMakeTmp'
Building C object CMakeFiles/cmTC_faf46.dir/CheckFunctionExists.c.o
/usr/bin/cc   -DCHECK_FUNCTION_EXISTS=pthread_create   -o CMakeFiles/cmTC_faf46.dir/CheckFunctionExists.c.o   -c /usr/local/lib/python2.7/dist-packages/cmake/data/share/cmake-3.12/Modules/CheckFunctionExists.c
Linking C executable cmTC_faf46
/usr/local/lib/python2.7/dist-packages/cmake/data/bin/cmake -E cmake_link_script CMakeFiles/cmTC_faf46.dir/link.txt --verbose=1
/usr/bin/cc  -DCHECK_FUNCTION_EXISTS=pthread_create    CMakeFiles/cmTC_faf46.dir/CheckFunctionExists.c.o  -o cmTC_faf46 -lpthreads 
/usr/bin/ld: cannot find -lpthreads
collect2: error: ld returned 1 exit status
CMakeFiles/cmTC_faf46.dir/build.make:86: recipe for target 'cmTC_faf46' failed
make[1]: *** [cmTC_faf46] Error 1
make[1]: Leaving directory '/content/root_src_37/root_build/CMakeFiles/CMakeTmp'
Makefile:121: recipe for target 'cmTC_faf46/fast' failed
make: *** [cmTC_faf46/fast] Error 2


Determining if the pthread_create exist failed with the following output:
Change Dir: /content/root_src_37/root_build/CMakeFiles/CMakeTmp

Run Build Command:"/usr/bin/make" "cmTC_5992a/fast"
/usr/bin/make -f CMakeFiles/cmTC_5992a.dir/build.make CMakeFiles/cmTC_5992a.dir/build
make[1]: Entering directory '/content/root_src_37/root_build/CMakeFiles/CMakeTmp'
Building C object CMakeFiles/cmTC_5992a.dir/CheckSymbolExists.c.o
/usr/bin/cc    -o CMakeFiles/cmTC_5992a.dir/CheckSymbolExists.c.o   -c /content/root_src_37/root_build/CMakeFiles/CMakeTmp/CheckSymbolExists.c
Linking C executable cmTC_5992a
/usr/local/lib/python2.7/dist-packages/cmake/data/bin/cmake -E cmake_link_script CMakeFiles/cmTC_5992a.dir/link.txt --verbose=1
/usr/bin/cc      CMakeFiles/cmTC_5992a.dir/CheckSymbolExists.c.o  -o cmTC_5992a 
CMakeFiles/cmTC_5992a.dir/CheckSymbolExists.c.o: In function `main':
CheckSymbolExists.c:(.text+0x1b): undefined reference to `pthread_create'
collect2: error: ld returned 1 exit status
CMakeFiles/cmTC_5992a.dir/build.make:86: recipe for target 'cmTC_5992a' failed
make[1]: *** [cmTC_5992a] Error 1
make[1]: Leaving directory '/content/root_src_37/root_build/CMakeFiles/CMakeTmp'
Makefile:121: recipe for target 'cmTC_5992a/fast' failed
make: *** [cmTC_5992a/fast] Error 2

File /content/root_src_37/root_build/CMakeFiles/CMakeTmp/CheckSymbolExists.c:
/* */
#include <pthread.h>

int main(int argc, char** argv)
{
  (void)argv;
#ifndef pthread_create
  return ((int*)(&pthread_create))[argc];
#else
  (void)argc;
  return 0;
#endif
}

Determining if the function pthread_create exists in the pthreads failed with the following output:
Change Dir: /content/root_src_37/root_build/CMakeFiles/CMakeTmp

Run Build Command:"/usr/bin/make" "cmTC_925b5/fast"
/usr/bin/make -f CMakeFiles/cmTC_925b5.dir/build.make CMakeFiles/cmTC_925b5.dir/build
make[1]: Entering directory '/content/root_src_37/root_build/CMakeFiles/CMakeTmp'
Building C object CMakeFiles/cmTC_925b5.dir/CheckFunctionExists.c.o
/usr/bin/cc   -DCHECK_FUNCTION_EXISTS=pthread_create   -o CMakeFiles/cmTC_925b5.dir/CheckFunctionExists.c.o   -c /usr/local/lib/python2.7/dist-packages/cmake/data/share/cmake-3.12/Modules/CheckFunctionExists.c
Linking C executable cmTC_925b5
/usr/local/lib/python2.7/dist-packages/cmake/data/bin/cmake -E cmake_link_script CMakeFiles/cmTC_925b5.dir/link.txt --verbose=1
/usr/bin/cc  -DCHECK_FUNCTION_EXISTS=pthread_create    CMakeFiles/cmTC_925b5.dir/CheckFunctionExists.c.o  -o cmTC_925b5 -lpthreads 
/usr/bin/ld: cannot find -lpthreads
collect2: error: ld returned 1 exit status
CMakeFiles/cmTC_925b5.dir/build.make:86: recipe for target 'cmTC_925b5' failed
make[1]: *** [cmTC_925b5] Error 1
make[1]: Leaving directory '/content/root_src_37/root_build/CMakeFiles/CMakeTmp'
Makefile:121: recipe for target 'cmTC_925b5/fast' failed
make: *** [cmTC_925b5/fast] Error 2


Determining if the pthread_create exist failed with the following output:
Change Dir: /content/root_src_37/root_build/CMakeFiles/CMakeTmp

Run Build Command:"/usr/bin/make" "cmTC_555ca/fast"
/usr/bin/make -f CMakeFiles/cmTC_555ca.dir/build.make CMakeFiles/cmTC_555ca.dir/build
make[1]: Entering directory '/content/root_src_37/root_build/CMakeFiles/CMakeTmp'
Building C object CMakeFiles/cmTC_555ca.dir/CheckSymbolExists.c.o
/usr/bin/cc    -o CMakeFiles/cmTC_555ca.dir/CheckSymbolExists.c.o   -c /content/root_src_37/root_build/CMakeFiles/CMakeTmp/CheckSymbolExists.c
Linking C executable cmTC_555ca
/usr/local/lib/python2.7/dist-packages/cmake/data/bin/cmake -E cmake_link_script CMakeFiles/cmTC_555ca.dir/link.txt --verbose=1
/usr/bin/cc      CMakeFiles/cmTC_555ca.dir/CheckSymbolExists.c.o  -o cmTC_555ca 
CMakeFiles/cmTC_555ca.dir/CheckSymbolExists.c.o: In function `main':
CheckSymbolExists.c:(.text+0x1b): undefined reference to `pthread_create'
collect2: error: ld returned 1 exit status
CMakeFiles/cmTC_555ca.dir/build.make:86: recipe for target 'cmTC_555ca' failed
make[1]: *** [cmTC_555ca] Error 1
make[1]: Leaving directory '/content/root_src_37/root_build/CMakeFiles/CMakeTmp'
Makefile:121: recipe for target 'cmTC_555ca/fast' failed
make: *** [cmTC_555ca/fast] Error 2

File /content/root_src_37/root_build/CMakeFiles/CMakeTmp/CheckSymbolExists.c:
/* */
#include <pthread.h>

int main(int argc, char** argv)
{
  (void)argv;
#ifndef pthread_create
  return ((int*)(&pthread_create))[argc];
#else
  (void)argc;
  return 0;
#endif
}

Determining if the function pthread_create exists in the pthreads failed with the following output:
Change Dir: /content/root_src_37/root_build/CMakeFiles/CMakeTmp

Run Build Command:"/usr/bin/make" "cmTC_54730/fast"
/usr/bin/make -f CMakeFiles/cmTC_54730.dir/build.make CMakeFiles/cmTC_54730.dir/build
make[1]: Entering directory '/content/root_src_37/root_build/CMakeFiles/CMakeTmp'
Building C object CMakeFiles/cmTC_54730.dir/CheckFunctionExists.c.o
/usr/bin/cc   -DCHECK_FUNCTION_EXISTS=pthread_create   -o CMakeFiles/cmTC_54730.dir/CheckFunctionExists.c.o   -c /usr/local/lib/python2.7/dist-packages/cmake/data/share/cmake-3.12/Modules/CheckFunctionExists.c
Linking C executable cmTC_54730
/usr/local/lib/python2.7/dist-packages/cmake/data/bin/cmake -E cmake_link_script CMakeFiles/cmTC_54730.dir/link.txt --verbose=1
/usr/bin/cc  -DCHECK_FUNCTION_EXISTS=pthread_create    CMakeFiles/cmTC_54730.dir/CheckFunctionExists.c.o  -o cmTC_54730 -lpthreads 
/usr/bin/ld: cannot find -lpthreads
collect2: error: ld returned 1 exit status
CMakeFiles/cmTC_54730.dir/build.make:86: recipe for target 'cmTC_54730' failed
make[1]: *** [cmTC_54730] Error 1
make[1]: Leaving directory '/content/root_src_37/root_build/CMakeFiles/CMakeTmp'
Makefile:121: recipe for target 'cmTC_54730/fast' failed
make: *** [cmTC_54730/fast] Error 2


Determining if the pthread_create exist failed with the following output:
Change Dir: /content/root_src_37/root_build/CMakeFiles/CMakeTmp

Run Build Command:"/usr/bin/make" "cmTC_63a9b/fast"
/usr/bin/make -f CMakeFiles/cmTC_63a9b.dir/build.make CMakeFiles/cmTC_63a9b.dir/build
make[1]: Entering directory '/content/root_src_37/root_build/CMakeFiles/CMakeTmp'
Building C object CMakeFiles/cmTC_63a9b.dir/CheckSymbolExists.c.o
/usr/bin/cc    -o CMakeFiles/cmTC_63a9b.dir/CheckSymbolExists.c.o   -c /content/root_src_37/root_build/CMakeFiles/CMakeTmp/CheckSymbolExists.c
Linking C executable cmTC_63a9b
/usr/local/lib/python2.7/dist-packages/cmake/data/bin/cmake -E cmake_link_script CMakeFiles/cmTC_63a9b.dir/link.txt --verbose=1
/usr/bin/cc      CMakeFiles/cmTC_63a9b.dir/CheckSymbolExists.c.o  -o cmTC_63a9b 
CMakeFiles/cmTC_63a9b.dir/CheckSymbolExists.c.o: In function `main':
CheckSymbolExists.c:(.text+0x1b): undefined reference to `pthread_create'
collect2: error: ld returned 1 exit status
CMakeFiles/cmTC_63a9b.dir/build.make:86: recipe for target 'cmTC_63a9b' failed
make[1]: *** [cmTC_63a9b] Error 1
make[1]: Leaving directory '/content/root_src_37/root_build/CMakeFiles/CMakeTmp'
Makefile:121: recipe for target 'cmTC_63a9b/fast' failed
make: *** [cmTC_63a9b/fast] Error 2

File /content/root_src_37/root_build/CMakeFiles/CMakeTmp/CheckSymbolExists.c:
/* */
#include <pthread.h>

int main(int argc, char** argv)
{
  (void)argv;
#ifndef pthread_create
  return ((int*)(&pthread_create))[argc];
#else
  (void)argc;
  return 0;
#endif
}

Determining if the function pthread_create exists in the pthreads failed with the following output:
Change Dir: /content/root_src_37/root_build/CMakeFiles/CMakeTmp

Run Build Command:"/usr/bin/make" "cmTC_4c836/fast"
/usr/bin/make -f CMakeFiles/cmTC_4c836.dir/build.make CMakeFiles/cmTC_4c836.dir/build
make[1]: Entering directory '/content/root_src_37/root_build/CMakeFiles/CMakeTmp'
Building C object CMakeFiles/cmTC_4c836.dir/CheckFunctionExists.c.o
/usr/bin/cc   -DCHECK_FUNCTION_EXISTS=pthread_create   -o CMakeFiles/cmTC_4c836.dir/CheckFunctionExists.c.o   -c /usr/local/lib/python2.7/dist-packages/cmake/data/share/cmake-3.12/Modules/CheckFunctionExists.c
Linking C executable cmTC_4c836
/usr/local/lib/python2.7/dist-packages/cmake/data/bin/cmake -E cmake_link_script CMakeFiles/cmTC_4c836.dir/link.txt --verbose=1
/usr/bin/cc  -DCHECK_FUNCTION_EXISTS=pthread_create    CMakeFiles/cmTC_4c836.dir/CheckFunctionExists.c.o  -o cmTC_4c836 -lpthreads 
/usr/bin/ld: cannot find -lpthreads
collect2: error: ld returned 1 exit status
CMakeFiles/cmTC_4c836.dir/build.make:86: recipe for target 'cmTC_4c836' failed
make[1]: *** [cmTC_4c836] Error 1
make[1]: Leaving directory '/content/root_src_37/root_build/CMakeFiles/CMakeTmp'
Makefile:121: recipe for target 'cmTC_4c836/fast' failed
make: *** [cmTC_4c836/fast] Error 2


Determining if the pthread_create exist failed with the following output:
Change Dir: /content/root_src_37/root_build/CMakeFiles/CMakeTmp

Run Build Command:"/usr/bin/make" "cmTC_abecc/fast"
/usr/bin/make -f CMakeFiles/cmTC_abecc.dir/build.make CMakeFiles/cmTC_abecc.dir/build
make[1]: Entering directory '/content/root_src_37/root_build/CMakeFiles/CMakeTmp'
Building C object CMakeFiles/cmTC_abecc.dir/CheckSymbolExists.c.o
/usr/bin/cc    -o CMakeFiles/cmTC_abecc.dir/CheckSymbolExists.c.o   -c /content/root_src_37/root_build/CMakeFiles/CMakeTmp/CheckSymbolExists.c
Linking C executable cmTC_abecc
/usr/local/lib/python2.7/dist-packages/cmake/data/bin/cmake -E cmake_link_script CMakeFiles/cmTC_abecc.dir/link.txt --verbose=1
/usr/bin/cc      CMakeFiles/cmTC_abecc.dir/CheckSymbolExists.c.o  -o cmTC_abecc 
CMakeFiles/cmTC_abecc.dir/CheckSymbolExists.c.o: In function `main':
CheckSymbolExists.c:(.text+0x1b): undefined reference to `pthread_create'
collect2: error: ld returned 1 exit status
CMakeFiles/cmTC_abecc.dir/build.make:86: recipe for target 'cmTC_abecc' failed
make[1]: *** [cmTC_abecc] Error 1
make[1]: Leaving directory '/content/root_src_37/root_build/CMakeFiles/CMakeTmp'
Makefile:121: recipe for target 'cmTC_abecc/fast' failed
make: *** [cmTC_abecc/fast] Error 2

File /content/root_src_37/root_build/CMakeFiles/CMakeTmp/CheckSymbolExists.c:
/* */
#include <pthread.h>

int main(int argc, char** argv)
{
  (void)argv;
#ifndef pthread_create
  return ((int*)(&pthread_create))[argc];
#else
  (void)argc;
  return 0;
#endif
}

Determining if the function pthread_create exists in the pthreads failed with the following output:
Change Dir: /content/root_src_37/root_build/CMakeFiles/CMakeTmp

Run Build Command:"/usr/bin/make" "cmTC_040a1/fast"
/usr/bin/make -f CMakeFiles/cmTC_040a1.dir/build.make CMakeFiles/cmTC_040a1.dir/build
make[1]: Entering directory '/content/root_src_37/root_build/CMakeFiles/CMakeTmp'
Building C object CMakeFiles/cmTC_040a1.dir/CheckFunctionExists.c.o
/usr/bin/cc   -DCHECK_FUNCTION_EXISTS=pthread_create   -o CMakeFiles/cmTC_040a1.dir/CheckFunctionExists.c.o   -c /usr/local/lib/python2.7/dist-packages/cmake/data/share/cmake-3.12/Modules/CheckFunctionExists.c
Linking C executable cmTC_040a1
/usr/local/lib/python2.7/dist-packages/cmake/data/bin/cmake -E cmake_link_script CMakeFiles/cmTC_040a1.dir/link.txt --verbose=1
/usr/bin/cc  -DCHECK_FUNCTION_EXISTS=pthread_create    CMakeFiles/cmTC_040a1.dir/CheckFunctionExists.c.o  -o cmTC_040a1 -lpthreads 
/usr/bin/ld: cannot find -lpthreads
collect2: error: ld returned 1 exit status
CMakeFiles/cmTC_040a1.dir/build.make:86: recipe for target 'cmTC_040a1' failed
make[1]: *** [cmTC_040a1] Error 1
make[1]: Leaving directory '/content/root_src_37/root_build/CMakeFiles/CMakeTmp'
Makefile:121: recipe for target 'cmTC_040a1/fast' failed
make: *** [cmTC_040a1/fast] Error 2


Determining if the pthread_create exist failed with the following output:
Change Dir: /content/root_src_37/root_build/CMakeFiles/CMakeTmp

Run Build Command:"/usr/bin/make" "cmTC_334b0/fast"
/usr/bin/make -f CMakeFiles/cmTC_334b0.dir/build.make CMakeFiles/cmTC_334b0.dir/build
make[1]: Entering directory '/content/root_src_37/root_build/CMakeFiles/CMakeTmp'
Building C object CMakeFiles/cmTC_334b0.dir/CheckSymbolExists.c.o
/usr/bin/cc    -o CMakeFiles/cmTC_334b0.dir/CheckSymbolExists.c.o   -c /content/root_src_37/root_build/CMakeFiles/CMakeTmp/CheckSymbolExists.c
Linking C executable cmTC_334b0
/usr/local/lib/python2.7/dist-packages/cmake/data/bin/cmake -E cmake_link_script CMakeFiles/cmTC_334b0.dir/link.txt --verbose=1
/usr/bin/cc      CMakeFiles/cmTC_334b0.dir/CheckSymbolExists.c.o  -o cmTC_334b0 
CMakeFiles/cmTC_334b0.dir/CheckSymbolExists.c.o: In function `main':
CheckSymbolExists.c:(.text+0x1b): undefined reference to `pthread_create'
collect2: error: ld returned 1 exit status
CMakeFiles/cmTC_334b0.dir/build.make:86: recipe for target 'cmTC_334b0' failed
make[1]: *** [cmTC_334b0] Error 1
make[1]: Leaving directory '/content/root_src_37/root_build/CMakeFiles/CMakeTmp'
Makefile:121: recipe for target 'cmTC_334b0/fast' failed
make: *** [cmTC_334b0/fast] Error 2

File /content/root_src_37/root_build/CMakeFiles/CMakeTmp/CheckSymbolExists.c:
/* */
#include <pthread.h>

int main(int argc, char** argv)
{
  (void)argv;
#ifndef pthread_create
  return ((int*)(&pthread_create))[argc];
#else
  (void)argc;
  return 0;
#endif
}

Determining if the function pthread_create exists in the pthreads failed with the following output:
Change Dir: /content/root_src_37/root_build/CMakeFiles/CMakeTmp

Run Build Command:"/usr/bin/make" "cmTC_778ed/fast"
/usr/bin/make -f CMakeFiles/cmTC_778ed.dir/build.make CMakeFiles/cmTC_778ed.dir/build
make[1]: Entering directory '/content/root_src_37/root_build/CMakeFiles/CMakeTmp'
Building C object CMakeFiles/cmTC_778ed.dir/CheckFunctionExists.c.o
/usr/bin/cc   -DCHECK_FUNCTION_EXISTS=pthread_create   -o CMakeFiles/cmTC_778ed.dir/CheckFunctionExists.c.o   -c /usr/local/lib/python2.7/dist-packages/cmake/data/share/cmake-3.12/Modules/CheckFunctionExists.c
Linking C executable cmTC_778ed
/usr/local/lib/python2.7/dist-packages/cmake/data/bin/cmake -E cmake_link_script CMakeFiles/cmTC_778ed.dir/link.txt --verbose=1
/usr/bin/cc  -DCHECK_FUNCTION_EXISTS=pthread_create    CMakeFiles/cmTC_778ed.dir/CheckFunctionExists.c.o  -o cmTC_778ed -lpthreads 
/usr/bin/ld: cannot find -lpthreads
collect2: error: ld returned 1 exit status
CMakeFiles/cmTC_778ed.dir/build.make:86: recipe for target 'cmTC_778ed' failed
make[1]: *** [cmTC_778ed] Error 1
make[1]: Leaving directory '/content/root_src_37/root_build/CMakeFiles/CMakeTmp'
Makefile:121: recipe for target 'cmTC_778ed/fast' failed
make: *** [cmTC_778ed/fast] Error 2


Determining if the pthread_create exist failed with the following output:
Change Dir: /content/root_src_37/root_build/CMakeFiles/CMakeTmp

Run Build Command:"/usr/bin/make" "cmTC_4570d/fast"
/usr/bin/make -f CMakeFiles/cmTC_4570d.dir/build.make CMakeFiles/cmTC_4570d.dir/build
make[1]: Entering directory '/content/root_src_37/root_build/CMakeFiles/CMakeTmp'
Building C object CMakeFiles/cmTC_4570d.dir/CheckSymbolExists.c.o
/usr/bin/cc    -o CMakeFiles/cmTC_4570d.dir/CheckSymbolExists.c.o   -c /content/root_src_37/root_build/CMakeFiles/CMakeTmp/CheckSymbolExists.c
Linking C executable cmTC_4570d
/usr/local/lib/python2.7/dist-packages/cmake/data/bin/cmake -E cmake_link_script CMakeFiles/cmTC_4570d.dir/link.txt --verbose=1
/usr/bin/cc      CMakeFiles/cmTC_4570d.dir/CheckSymbolExists.c.o  -o cmTC_4570d 
CMakeFiles/cmTC_4570d.dir/CheckSymbolExists.c.o: In function `main':
CheckSymbolExists.c:(.text+0x1b): undefined reference to `pthread_create'
collect2: error: ld returned 1 exit status
CMakeFiles/cmTC_4570d.dir/build.make:86: recipe for target 'cmTC_4570d' failed
make[1]: *** [cmTC_4570d] Error 1
make[1]: Leaving directory '/content/root_src_37/root_build/CMakeFiles/CMakeTmp'
Makefile:121: recipe for target 'cmTC_4570d/fast' failed
make: *** [cmTC_4570d/fast] Error 2

File /content/root_src_37/root_build/CMakeFiles/CMakeTmp/CheckSymbolExists.c:
/* */
#include <pthread.h>

int main(int argc, char** argv)
{
  (void)argv;
#ifndef pthread_create
  return ((int*)(&pthread_create))[argc];
#else
  (void)argc;
  return 0;
#endif
}

Determining if the function pthread_create exists in the pthreads failed with the following output:
Change Dir: /content/root_src_37/root_build/CMakeFiles/CMakeTmp

Run Build Command:"/usr/bin/make" "cmTC_fa846/fast"
/usr/bin/make -f CMakeFiles/cmTC_fa846.dir/build.make CMakeFiles/cmTC_fa846.dir/build
make[1]: Entering directory '/content/root_src_37/root_build/CMakeFiles/CMakeTmp'
Building C object CMakeFiles/cmTC_fa846.dir/CheckFunctionExists.c.o
/usr/bin/cc   -DCHECK_FUNCTION_EXISTS=pthread_create   -o CMakeFiles/cmTC_fa846.dir/CheckFunctionExists.c.o   -c /usr/local/lib/python2.7/dist-packages/cmake/data/share/cmake-3.12/Modules/CheckFunctionExists.c
Linking C executable cmTC_fa846
/usr/local/lib/python2.7/dist-packages/cmake/data/bin/cmake -E cmake_link_script CMakeFiles/cmTC_fa846.dir/link.txt --verbose=1
/usr/bin/cc  -DCHECK_FUNCTION_EXISTS=pthread_create    CMakeFiles/cmTC_fa846.dir/CheckFunctionExists.c.o  -o cmTC_fa846 -lpthreads 
/usr/bin/ld: cannot find -lpthreads
collect2: error: ld returned 1 exit status
CMakeFiles/cmTC_fa846.dir/build.make:86: recipe for target 'cmTC_fa846' failed
make[1]: *** [cmTC_fa846] Error 1
make[1]: Leaving directory '/content/root_src_37/root_build/CMakeFiles/CMakeTmp'
Makefile:121: recipe for target 'cmTC_fa846/fast' failed
make: *** [cmTC_fa846/fast] Error 2


Determining if the pthread_create exist failed with the following output:
Change Dir: /content/root_src_37/root_build/CMakeFiles/CMakeTmp

Run Build Command:"/usr/bin/make" "cmTC_40af4/fast"
/usr/bin/make -f CMakeFiles/cmTC_40af4.dir/build.make CMakeFiles/cmTC_40af4.dir/build
make[1]: Entering directory '/content/root_src_37/root_build/CMakeFiles/CMakeTmp'
Building C object CMakeFiles/cmTC_40af4.dir/CheckSymbolExists.c.o
/usr/bin/cc    -o CMakeFiles/cmTC_40af4.dir/CheckSymbolExists.c.o   -c /content/root_src_37/root_build/CMakeFiles/CMakeTmp/CheckSymbolExists.c
Linking C executable cmTC_40af4
/usr/local/lib/python2.7/dist-packages/cmake/data/bin/cmake -E cmake_link_script CMakeFiles/cmTC_40af4.dir/link.txt --verbose=1
/usr/bin/cc      CMakeFiles/cmTC_40af4.dir/CheckSymbolExists.c.o  -o cmTC_40af4 
CMakeFiles/cmTC_40af4.dir/CheckSymbolExists.c.o: In function `main':
CheckSymbolExists.c:(.text+0x1b): undefined reference to `pthread_create'
collect2: error: ld returned 1 exit status
CMakeFiles/cmTC_40af4.dir/build.make:86: recipe for target 'cmTC_40af4' failed
make[1]: *** [cmTC_40af4] Error 1
make[1]: Leaving directory '/content/root_src_37/root_build/CMakeFiles/CMakeTmp'
Makefile:121: recipe for target 'cmTC_40af4/fast' failed
make: *** [cmTC_40af4/fast] Error 2

File /content/root_src_37/root_build/CMakeFiles/CMakeTmp/CheckSymbolExists.c:
/* */
#include <pthread.h>

int main(int argc, char** argv)
{
  (void)argv;
#ifndef pthread_create
  return ((int*)(&pthread_create))[argc];
#else
  (void)argc;
  return 0;
#endif
}

Determining if the function pthread_create exists in the pthreads failed with the following output:
Change Dir: /content/root_src_37/root_build/CMakeFiles/CMakeTmp

Run Build Command:"/usr/bin/make" "cmTC_41d3d/fast"
/usr/bin/make -f CMakeFiles/cmTC_41d3d.dir/build.make CMakeFiles/cmTC_41d3d.dir/build
make[1]: Entering directory '/content/root_src_37/root_build/CMakeFiles/CMakeTmp'
Building C object CMakeFiles/cmTC_41d3d.dir/CheckFunctionExists.c.o
/usr/bin/cc   -DCHECK_FUNCTION_EXISTS=pthread_create   -o CMakeFiles/cmTC_41d3d.dir/CheckFunctionExists.c.o   -c /usr/local/lib/python2.7/dist-packages/cmake/data/share/cmake-3.12/Modules/CheckFunctionExists.c
Linking C executable cmTC_41d3d
/usr/local/lib/python2.7/dist-packages/cmake/data/bin/cmake -E cmake_link_script CMakeFiles/cmTC_41d3d.dir/link.txt --verbose=1
/usr/bin/cc  -DCHECK_FUNCTION_EXISTS=pthread_create    CMakeFiles/cmTC_41d3d.dir/CheckFunctionExists.c.o  -o cmTC_41d3d -lpthreads 
/usr/bin/ld: cannot find -lpthreads
collect2: error: ld returned 1 exit status
CMakeFiles/cmTC_41d3d.dir/build.make:86: recipe for target 'cmTC_41d3d' failed
make[1]: *** [cmTC_41d3d] Error 1
make[1]: Leaving directory '/content/root_src_37/root_build/CMakeFiles/CMakeTmp'
Makefile:121: recipe for target 'cmTC_41d3d/fast' failed
make: *** [cmTC_41d3d/fast] Error 2


Determining if the pthread_create exist failed with the following output:
Change Dir: /content/root_src_37/root_build/CMakeFiles/CMakeTmp

Run Build Command:"/usr/bin/make" "cmTC_466b6/fast"
/usr/bin/make -f CMakeFiles/cmTC_466b6.dir/build.make CMakeFiles/cmTC_466b6.dir/build
make[1]: Entering directory '/content/root_src_37/root_build/CMakeFiles/CMakeTmp'
Building C object CMakeFiles/cmTC_466b6.dir/CheckSymbolExists.c.o
/usr/bin/cc    -o CMakeFiles/cmTC_466b6.dir/CheckSymbolExists.c.o   -c /content/root_src_37/root_build/CMakeFiles/CMakeTmp/CheckSymbolExists.c
Linking C executable cmTC_466b6
/usr/local/lib/python2.7/dist-packages/cmake/data/bin/cmake -E cmake_link_script CMakeFiles/cmTC_466b6.dir/link.txt --verbose=1
/usr/bin/cc      CMakeFiles/cmTC_466b6.dir/CheckSymbolExists.c.o  -o cmTC_466b6 
CMakeFiles/cmTC_466b6.dir/CheckSymbolExists.c.o: In function `main':
CheckSymbolExists.c:(.text+0x1b): undefined reference to `pthread_create'
collect2: error: ld returned 1 exit status
CMakeFiles/cmTC_466b6.dir/build.make:86: recipe for target 'cmTC_466b6' failed
make[1]: *** [cmTC_466b6] Error 1
make[1]: Leaving directory '/content/root_src_37/root_build/CMakeFiles/CMakeTmp'
Makefile:121: recipe for target 'cmTC_466b6/fast' failed
make: *** [cmTC_466b6/fast] Error 2

File /content/root_src_37/root_build/CMakeFiles/CMakeTmp/CheckSymbolExists.c:
/* */
#include <pthread.h>

int main(int argc, char** argv)
{
  (void)argv;
#ifndef pthread_create
  return ((int*)(&pthread_create))[argc];
#else
  (void)argc;
  return 0;
#endif
}

Determining if the function pthread_create exists in the pthreads failed with the following output:
Change Dir: /content/root_src_37/root_build/CMakeFiles/CMakeTmp

Run Build Command:"/usr/bin/make" "cmTC_ef1f1/fast"
/usr/bin/make -f CMakeFiles/cmTC_ef1f1.dir/build.make CMakeFiles/cmTC_ef1f1.dir/build
make[1]: Entering directory '/content/root_src_37/root_build/CMakeFiles/CMakeTmp'
Building C object CMakeFiles/cmTC_ef1f1.dir/CheckFunctionExists.c.o
/usr/bin/cc   -DCHECK_FUNCTION_EXISTS=pthread_create   -o CMakeFiles/cmTC_ef1f1.dir/CheckFunctionExists.c.o   -c /usr/local/lib/python2.7/dist-packages/cmake/data/share/cmake-3.12/Modules/CheckFunctionExists.c
Linking C executable cmTC_ef1f1
/usr/local/lib/python2.7/dist-packages/cmake/data/bin/cmake -E cmake_link_script CMakeFiles/cmTC_ef1f1.dir/link.txt --verbose=1
/usr/bin/cc  -DCHECK_FUNCTION_EXISTS=pthread_create    CMakeFiles/cmTC_ef1f1.dir/CheckFunctionExists.c.o  -o cmTC_ef1f1 -lpthreads 
/usr/bin/ld: cannot find -lpthreads
collect2: error: ld returned 1 exit status
CMakeFiles/cmTC_ef1f1.dir/build.make:86: recipe for target 'cmTC_ef1f1' failed
make[1]: *** [cmTC_ef1f1] Error 1
make[1]: Leaving directory '/content/root_src_37/root_build/CMakeFiles/CMakeTmp'
Makefile:121: recipe for target 'cmTC_ef1f1/fast' failed
make: *** [cmTC_ef1f1/fast] Error 2


Determining if the include file malloc/malloc.h exists failed with the following output:
Change Dir: /content/root_src_37/root_build/CMakeFiles/CMakeTmp

Run Build Command:"/usr/bin/make" "cmTC_e2979/fast"
/usr/bin/make -f CMakeFiles/cmTC_e2979.dir/build.make CMakeFiles/cmTC_e2979.dir/build
make[1]: Entering directory '/content/root_src_37/root_build/CMakeFiles/CMakeTmp'
Building C object CMakeFiles/cmTC_e2979.dir/CheckIncludeFile.c.o
/usr/bin/cc   -Wno-implicit-fallthrough -pipe -Wall -W -pthread    -o CMakeFiles/cmTC_e2979.dir/CheckIncludeFile.c.o   -c /content/root_src_37/root_build/CMakeFiles/CMakeTmp/CheckIncludeFile.c
/content/root_src_37/root_build/CMakeFiles/CMakeTmp/CheckIncludeFile.c:1:10: fatal error: malloc/malloc.h: No such file or directory
 #include <malloc/malloc.h>
          ^~~~~~~~~~~~~~~~~
compilation terminated.
CMakeFiles/cmTC_e2979.dir/build.make:65: recipe for target 'CMakeFiles/cmTC_e2979.dir/CheckIncludeFile.c.o' failed
make[1]: *** [CMakeFiles/cmTC_e2979.dir/CheckIncludeFile.c.o] Error 1
make[1]: Leaving directory '/content/root_src_37/root_build/CMakeFiles/CMakeTmp'
Makefile:121: recipe for target 'cmTC_e2979/fast' failed
make: *** [cmTC_e2979/fast] Error 2


Determining if the include file ndir.h exists failed with the following output:
Change Dir: /content/root_src_37/root_build/CMakeFiles/CMakeTmp

Run Build Command:"/usr/bin/make" "cmTC_b74e9/fast"
/usr/bin/make -f CMakeFiles/cmTC_b74e9.dir/build.make CMakeFiles/cmTC_b74e9.dir/build
make[1]: Entering directory '/content/root_src_37/root_build/CMakeFiles/CMakeTmp'
Building C object CMakeFiles/cmTC_b74e9.dir/CheckIncludeFile.c.o
/usr/bin/cc   -Wno-implicit-fallthrough -pipe -Wall -W -pthread    -o CMakeFiles/cmTC_b74e9.dir/CheckIncludeFile.c.o   -c /content/root_src_37/root_build/CMakeFiles/CMakeTmp/CheckIncludeFile.c
/content/root_src_37/root_build/CMakeFiles/CMakeTmp/CheckIncludeFile.c:1:10: fatal error: ndir.h: No such file or directory
 #include <ndir.h>
          ^~~~~~~~
compilation terminated.
CMakeFiles/cmTC_b74e9.dir/build.make:65: recipe for target 'CMakeFiles/cmTC_b74e9.dir/CheckIncludeFile.c.o' failed
make[1]: *** [CMakeFiles/cmTC_b74e9.dir/CheckIncludeFile.c.o] Error 1
make[1]: Leaving directory '/content/root_src_37/root_build/CMakeFiles/CMakeTmp'
Makefile:121: recipe for target 'cmTC_b74e9/fast' failed
make: *** [cmTC_b74e9/fast] Error 2


Determining if the include file sys/ndir.h exists failed with the following output:
Change Dir: /content/root_src_37/root_build/CMakeFiles/CMakeTmp

Run Build Command:"/usr/bin/make" "cmTC_0548e/fast"
/usr/bin/make -f CMakeFiles/cmTC_0548e.dir/build.make CMakeFiles/cmTC_0548e.dir/build
make[1]: Entering directory '/content/root_src_37/root_build/CMakeFiles/CMakeTmp'
Building C object CMakeFiles/cmTC_0548e.dir/CheckIncludeFile.c.o
/usr/bin/cc   -Wno-implicit-fallthrough -pipe -Wall -W -pthread    -o CMakeFiles/cmTC_0548e.dir/CheckIncludeFile.c.o   -c /content/root_src_37/root_build/CMakeFiles/CMakeTmp/CheckIncludeFile.c
/content/root_src_37/root_build/CMakeFiles/CMakeTmp/CheckIncludeFile.c:1:10: fatal error: sys/ndir.h: No such file or directory
 #include <sys/ndir.h>
          ^~~~~~~~~~~~
compilation terminated.
CMakeFiles/cmTC_0548e.dir/build.make:65: recipe for target 'CMakeFiles/cmTC_0548e.dir/CheckIncludeFile.c.o' failed
make[1]: *** [CMakeFiles/cmTC_0548e.dir/CheckIncludeFile.c.o] Error 1
make[1]: Leaving directory '/content/root_src_37/root_build/CMakeFiles/CMakeTmp'
Makefile:121: recipe for target 'cmTC_0548e/fast' failed
make: *** [cmTC_0548e/fast] Error 2


Determining if the include file valgrind/valgrind.h exists failed with the following output:
Change Dir: /content/root_src_37/root_build/CMakeFiles/CMakeTmp

Run Build Command:"/usr/bin/make" "cmTC_f620b/fast"
/usr/bin/make -f CMakeFiles/cmTC_f620b.dir/build.make CMakeFiles/cmTC_f620b.dir/build
make[1]: Entering directory '/content/root_src_37/root_build/CMakeFiles/CMakeTmp'
Building C object CMakeFiles/cmTC_f620b.dir/CheckIncludeFile.c.o
/usr/bin/cc   -Wno-implicit-fallthrough -pipe -Wall -W -pthread    -o CMakeFiles/cmTC_f620b.dir/CheckIncludeFile.c.o   -c /content/root_src_37/root_build/CMakeFiles/CMakeTmp/CheckIncludeFile.c
/content/root_src_37/root_build/CMakeFiles/CMakeTmp/CheckIncludeFile.c:1:10: fatal error: valgrind/valgrind.h: No such file or directory
 #include <valgrind/valgrind.h>
          ^~~~~~~~~~~~~~~~~~~~~
compilation terminated.
CMakeFiles/cmTC_f620b.dir/build.make:65: recipe for target 'CMakeFiles/cmTC_f620b.dir/CheckIncludeFile.c.o' failed
make[1]: *** [CMakeFiles/cmTC_f620b.dir/CheckIncludeFile.c.o] Error 1
make[1]: Leaving directory '/content/root_src_37/root_build/CMakeFiles/CMakeTmp'
Makefile:121: recipe for target 'cmTC_f620b/fast' failed
make: *** [cmTC_f620b/fast] Error 2


Determining if the include file mach/mach.h exists failed with the following output:
Change Dir: /content/root_src_37/root_build/CMakeFiles/CMakeTmp

Run Build Command:"/usr/bin/make" "cmTC_9a8f6/fast"
/usr/bin/make -f CMakeFiles/cmTC_9a8f6.dir/build.make CMakeFiles/cmTC_9a8f6.dir/build
make[1]: Entering directory '/content/root_src_37/root_build/CMakeFiles/CMakeTmp'
Building C object CMakeFiles/cmTC_9a8f6.dir/CheckIncludeFile.c.o
/usr/bin/cc   -Wno-implicit-fallthrough -pipe -Wall -W -pthread    -o CMakeFiles/cmTC_9a8f6.dir/CheckIncludeFile.c.o   -c /content/root_src_37/root_build/CMakeFiles/CMakeTmp/CheckIncludeFile.c
/content/root_src_37/root_build/CMakeFiles/CMakeTmp/CheckIncludeFile.c:1:10: fatal error: mach/mach.h: No such file or directory
 #include <mach/mach.h>
          ^~~~~~~~~~~~~
compilation terminated.
CMakeFiles/cmTC_9a8f6.dir/build.make:65: recipe for target 'CMakeFiles/cmTC_9a8f6.dir/CheckIncludeFile.c.o' failed
make[1]: *** [CMakeFiles/cmTC_9a8f6.dir/CheckIncludeFile.c.o] Error 1
make[1]: Leaving directory '/content/root_src_37/root_build/CMakeFiles/CMakeTmp'
Makefile:121: recipe for target 'cmTC_9a8f6/fast' failed
make: *** [cmTC_9a8f6/fast] Error 2


Determining if the include file histedit.h exists failed with the following output:
Change Dir: /content/root_src_37/root_build/CMakeFiles/CMakeTmp

Run Build Command:"/usr/bin/make" "cmTC_51817/fast"
/usr/bin/make -f CMakeFiles/cmTC_51817.dir/build.make CMakeFiles/cmTC_51817.dir/build
make[1]: Entering directory '/content/root_src_37/root_build/CMakeFiles/CMakeTmp'
Building C object CMakeFiles/cmTC_51817.dir/CheckIncludeFile.c.o
/usr/bin/cc   -Wno-implicit-fallthrough -pipe -Wall -W -pthread    -o CMakeFiles/cmTC_51817.dir/CheckIncludeFile.c.o   -c /content/root_src_37/root_build/CMakeFiles/CMakeTmp/CheckIncludeFile.c
/content/root_src_37/root_build/CMakeFiles/CMakeTmp/CheckIncludeFile.c:1:10: fatal error: histedit.h: No such file or directory
 #include <histedit.h>
          ^~~~~~~~~~~~
compilation terminated.
CMakeFiles/cmTC_51817.dir/build.make:65: recipe for target 'CMakeFiles/cmTC_51817.dir/CheckIncludeFile.c.o' failed
make[1]: *** [CMakeFiles/cmTC_51817.dir/CheckIncludeFile.c.o] Error 1
make[1]: Leaving directory '/content/root_src_37/root_build/CMakeFiles/CMakeTmp'
Makefile:121: recipe for target 'cmTC_51817/fast' failed
make: *** [cmTC_51817/fast] Error 2


Determining if the include file CrashReporterClient.h exists failed with the following output:
Change Dir: /content/root_src_37/root_build/CMakeFiles/CMakeTmp

Run Build Command:"/usr/bin/make" "cmTC_6990d/fast"
/usr/bin/make -f CMakeFiles/cmTC_6990d.dir/build.make CMakeFiles/cmTC_6990d.dir/build
make[1]: Entering directory '/content/root_src_37/root_build/CMakeFiles/CMakeTmp'
Building C object CMakeFiles/cmTC_6990d.dir/CheckIncludeFile.c.o
/usr/bin/cc   -Wno-implicit-fallthrough -pipe -Wall -W -pthread    -o CMakeFiles/cmTC_6990d.dir/CheckIncludeFile.c.o   -c /content/root_src_37/root_build/CMakeFiles/CMakeTmp/CheckIncludeFile.c
/content/root_src_37/root_build/CMakeFiles/CMakeTmp/CheckIncludeFile.c:1:10: fatal error: CrashReporterClient.h: No such file or directory
 #include <CrashReporterClient.h>
          ^~~~~~~~~~~~~~~~~~~~~~~
compilation terminated.
CMakeFiles/cmTC_6990d.dir/build.make:65: recipe for target 'CMakeFiles/cmTC_6990d.dir/CheckIncludeFile.c.o' failed
make[1]: *** [CMakeFiles/cmTC_6990d.dir/CheckIncludeFile.c.o] Error 1
make[1]: Leaving directory '/content/root_src_37/root_build/CMakeFiles/CMakeTmp'
Makefile:121: recipe for target 'cmTC_6990d/fast' failed
make: *** [cmTC_6990d/fast] Error 2


Determining if the function xar_open exists in the xar failed with the following output:
Change Dir: /content/root_src_37/root_build/CMakeFiles/CMakeTmp

Run Build Command:"/usr/bin/make" "cmTC_af7b2/fast"
/usr/bin/make -f CMakeFiles/cmTC_af7b2.dir/build.make CMakeFiles/cmTC_af7b2.dir/build
make[1]: Entering directory '/content/root_src_37/root_build/CMakeFiles/CMakeTmp'
Building C object CMakeFiles/cmTC_af7b2.dir/CheckFunctionExists.c.o
/usr/bin/cc   -Wno-implicit-fallthrough -pipe -Wall -W -pthread -DCHECK_FUNCTION_EXISTS=xar_open   -o CMakeFiles/cmTC_af7b2.dir/CheckFunctionExists.c.o   -c /usr/local/lib/python2.7/dist-packages/cmake/data/share/cmake-3.12/Modules/CheckFunctionExists.c
Linking C executable cmTC_af7b2
/usr/local/lib/python2.7/dist-packages/cmake/data/bin/cmake -E cmake_link_script CMakeFiles/cmTC_af7b2.dir/link.txt --verbose=1
/usr/bin/cc  -Wno-implicit-fallthrough -pipe -Wall -W -pthread -DCHECK_FUNCTION_EXISTS=xar_open   -rdynamic  CMakeFiles/cmTC_af7b2.dir/CheckFunctionExists.c.o  -o cmTC_af7b2 -lxar -lm 
/usr/bin/ld: cannot find -lxar
collect2: error: ld returned 1 exit status
CMakeFiles/cmTC_af7b2.dir/build.make:86: recipe for target 'cmTC_af7b2' failed
make[1]: *** [cmTC_af7b2] Error 1
make[1]: Leaving directory '/content/root_src_37/root_build/CMakeFiles/CMakeTmp'
Makefile:121: recipe for target 'cmTC_af7b2/fast' failed
make: *** [cmTC_af7b2/fast] Error 2


Determining if the arc4random exist failed with the following output:
Change Dir: /content/root_src_37/root_build/CMakeFiles/CMakeTmp

Run Build Command:"/usr/bin/make" "cmTC_6ef30/fast"
/usr/bin/make -f CMakeFiles/cmTC_6ef30.dir/build.make CMakeFiles/cmTC_6ef30.dir/build
make[1]: Entering directory '/content/root_src_37/root_build/CMakeFiles/CMakeTmp'
Building C object CMakeFiles/cmTC_6ef30.dir/CheckSymbolExists.c.o
/usr/bin/cc   -Wno-implicit-fallthrough -pipe -Wall -W -pthread    -o CMakeFiles/cmTC_6ef30.dir/CheckSymbolExists.c.o   -c /content/root_src_37/root_build/CMakeFiles/CMakeTmp/CheckSymbolExists.c
/content/root_src_37/root_build/CMakeFiles/CMakeTmp/CheckSymbolExists.c: In function 'main':
/content/root_src_37/root_build/CMakeFiles/CMakeTmp/CheckSymbolExists.c:8:19: error: 'arc4random' undeclared (first use in this function); did you mean 'srandom'?
   return ((int*)(&arc4random))[argc];
                   ^~~~~~~~~~
                   srandom
/content/root_src_37/root_build/CMakeFiles/CMakeTmp/CheckSymbolExists.c:8:19: note: each undeclared identifier is reported only once for each function it appears in
/content/root_src_37/root_build/CMakeFiles/CMakeTmp/CheckSymbolExists.c:4:14: warning: parameter 'argc' set but not used [-Wunused-but-set-parameter]
 int main(int argc, char** argv)
              ^~~~
CMakeFiles/cmTC_6ef30.dir/build.make:65: recipe for target 'CMakeFiles/cmTC_6ef30.dir/CheckSymbolExists.c.o' failed
make[1]: *** [CMakeFiles/cmTC_6ef30.dir/CheckSymbolExists.c.o] Error 1
make[1]: Leaving directory '/content/root_src_37/root_build/CMakeFiles/CMakeTmp'
Makefile:121: recipe for target 'cmTC_6ef30/fast' failed
make: *** [cmTC_6ef30/fast] Error 2

File /content/root_src_37/root_build/CMakeFiles/CMakeTmp/CheckSymbolExists.c:
/* */
#include <stdlib.h>

int main(int argc, char** argv)
{
  (void)argv;
#ifndef arc4random
  return ((int*)(&arc4random))[argc];
#else
  (void)argc;
  return 0;
#endif
}

Determining if the mallctl exist failed with the following output:
Change Dir: /content/root_src_37/root_build/CMakeFiles/CMakeTmp

Run Build Command:"/usr/bin/make" "cmTC_317b2/fast"
/usr/bin/make -f CMakeFiles/cmTC_317b2.dir/build.make CMakeFiles/cmTC_317b2.dir/build
make[1]: Entering directory '/content/root_src_37/root_build/CMakeFiles/CMakeTmp'
Building C object CMakeFiles/cmTC_317b2.dir/CheckSymbolExists.c.o
/usr/bin/cc   -Wno-implicit-fallthrough -pipe -Wall -W -pthread    -o CMakeFiles/cmTC_317b2.dir/CheckSymbolExists.c.o   -c /content/root_src_37/root_build/CMakeFiles/CMakeTmp/CheckSymbolExists.c
/content/root_src_37/root_build/CMakeFiles/CMakeTmp/CheckSymbolExists.c:2:10: fatal error: malloc_np.h: No such file or directory
 #include <malloc_np.h>
          ^~~~~~~~~~~~~
compilation terminated.
CMakeFiles/cmTC_317b2.dir/build.make:65: recipe for target 'CMakeFiles/cmTC_317b2.dir/CheckSymbolExists.c.o' failed
make[1]: *** [CMakeFiles/cmTC_317b2.dir/CheckSymbolExists.c.o] Error 1
make[1]: Leaving directory '/content/root_src_37/root_build/CMakeFiles/CMakeTmp'
Makefile:121: recipe for target 'cmTC_317b2/fast' failed
make: *** [cmTC_317b2/fast] Error 2

File /content/root_src_37/root_build/CMakeFiles/CMakeTmp/CheckSymbolExists.c:
/* */
#include <malloc_np.h>

int main(int argc, char** argv)
{
  (void)argv;
#ifndef mallctl
  return ((int*)(&mallctl))[argc];
#else
  (void)argc;
  return 0;
#endif
}

Determining if the malloc_zone_statistics exist failed with the following output:
Change Dir: /content/root_src_37/root_build/CMakeFiles/CMakeTmp

Run Build Command:"/usr/bin/make" "cmTC_bf59e/fast"
/usr/bin/make -f CMakeFiles/cmTC_bf59e.dir/build.make CMakeFiles/cmTC_bf59e.dir/build
make[1]: Entering directory '/content/root_src_37/root_build/CMakeFiles/CMakeTmp'
Building C object CMakeFiles/cmTC_bf59e.dir/CheckSymbolExists.c.o
/usr/bin/cc   -Wno-implicit-fallthrough -pipe -Wall -W -pthread    -o CMakeFiles/cmTC_bf59e.dir/CheckSymbolExists.c.o   -c /content/root_src_37/root_build/CMakeFiles/CMakeTmp/CheckSymbolExists.c
/content/root_src_37/root_build/CMakeFiles/CMakeTmp/CheckSymbolExists.c:2:10: fatal error: malloc/malloc.h: No such file or directory
 #include <malloc/malloc.h>
          ^~~~~~~~~~~~~~~~~
compilation terminated.
CMakeFiles/cmTC_bf59e.dir/build.make:65: recipe for target 'CMakeFiles/cmTC_bf59e.dir/CheckSymbolExists.c.o' failed
make[1]: *** [CMakeFiles/cmTC_bf59e.dir/CheckSymbolExists.c.o] Error 1
make[1]: Leaving directory '/content/root_src_37/root_build/CMakeFiles/CMakeTmp'
Makefile:121: recipe for target 'cmTC_bf59e/fast' failed
make: *** [cmTC_bf59e/fast] Error 2

File /content/root_src_37/root_build/CMakeFiles/CMakeTmp/CheckSymbolExists.c:
/* */
#include <malloc/malloc.h>

int main(int argc, char** argv)
{
  (void)argv;
#ifndef malloc_zone_statistics
  return ((int*)(&malloc_zone_statistics))[argc];
#else
  (void)argc;
  return 0;
#endif
}

Determining if the strerror_s exist failed with the following output:
Change Dir: /content/root_src_37/root_build/CMakeFiles/CMakeTmp

Run Build Command:"/usr/bin/make" "cmTC_32932/fast"
/usr/bin/make -f CMakeFiles/cmTC_32932.dir/build.make CMakeFiles/cmTC_32932.dir/build
make[1]: Entering directory '/content/root_src_37/root_build/CMakeFiles/CMakeTmp'
Building C object CMakeFiles/cmTC_32932.dir/CheckSymbolExists.c.o
/usr/bin/cc   -Wno-implicit-fallthrough -pipe -Wall -W -pthread    -o CMakeFiles/cmTC_32932.dir/CheckSymbolExists.c.o   -c /content/root_src_37/root_build/CMakeFiles/CMakeTmp/CheckSymbolExists.c
/content/root_src_37/root_build/CMakeFiles/CMakeTmp/CheckSymbolExists.c: In function 'main':
/content/root_src_37/root_build/CMakeFiles/CMakeTmp/CheckSymbolExists.c:8:19: error: 'strerror_s' undeclared (first use in this function); did you mean 'strerror_l'?
   return ((int*)(&strerror_s))[argc];
                   ^~~~~~~~~~
                   strerror_l
/content/root_src_37/root_build/CMakeFiles/CMakeTmp/CheckSymbolExists.c:8:19: note: each undeclared identifier is reported only once for each function it appears in
/content/root_src_37/root_build/CMakeFiles/CMakeTmp/CheckSymbolExists.c:4:14: warning: parameter 'argc' set but not used [-Wunused-but-set-parameter]
 int main(int argc, char** argv)
              ^~~~
CMakeFiles/cmTC_32932.dir/build.make:65: recipe for target 'CMakeFiles/cmTC_32932.dir/CheckSymbolExists.c.o' failed
make[1]: *** [CMakeFiles/cmTC_32932.dir/CheckSymbolExists.c.o] Error 1
make[1]: Leaving directory '/content/root_src_37/root_build/CMakeFiles/CMakeTmp'
Makefile:121: recipe for target 'cmTC_32932/fast' failed
make: *** [cmTC_32932/fast] Error 2

File /content/root_src_37/root_build/CMakeFiles/CMakeTmp/CheckSymbolExists.c:
/* */
#include <string.h>

int main(int argc, char** argv)
{
  (void)argv;
#ifndef strerror_s
  return ((int*)(&strerror_s))[argc];
#else
  (void)argc;
  return 0;
#endif
}

Determining if the dladdr exist failed with the following output:
Change Dir: /content/root_src_37/root_build/CMakeFiles/CMakeTmp

Run Build Command:"/usr/bin/make" "cmTC_3b673/fast"
/usr/bin/make -f CMakeFiles/cmTC_3b673.dir/build.make CMakeFiles/cmTC_3b673.dir/build
make[1]: Entering directory '/content/root_src_37/root_build/CMakeFiles/CMakeTmp'
Building C object CMakeFiles/cmTC_3b673.dir/CheckSymbolExists.c.o
/usr/bin/cc   -Wno-implicit-fallthrough -pipe -Wall -W -pthread    -o CMakeFiles/cmTC_3b673.dir/CheckSymbolExists.c.o   -c /content/root_src_37/root_build/CMakeFiles/CMakeTmp/CheckSymbolExists.c
/content/root_src_37/root_build/CMakeFiles/CMakeTmp/CheckSymbolExists.c: In function 'main':
/content/root_src_37/root_build/CMakeFiles/CMakeTmp/CheckSymbolExists.c:8:19: error: 'dladdr' undeclared (first use in this function)
   return ((int*)(&dladdr))[argc];
                   ^~~~~~
/content/root_src_37/root_build/CMakeFiles/CMakeTmp/CheckSymbolExists.c:8:19: note: each undeclared identifier is reported only once for each function it appears in
/content/root_src_37/root_build/CMakeFiles/CMakeTmp/CheckSymbolExists.c:4:14: warning: parameter 'argc' set but not used [-Wunused-but-set-parameter]
 int main(int argc, char** argv)
              ^~~~
CMakeFiles/cmTC_3b673.dir/build.make:65: recipe for target 'CMakeFiles/cmTC_3b673.dir/CheckSymbolExists.c.o' failed
make[1]: *** [CMakeFiles/cmTC_3b673.dir/CheckSymbolExists.c.o] Error 1
make[1]: Leaving directory '/content/root_src_37/root_build/CMakeFiles/CMakeTmp'
Makefile:121: recipe for target 'cmTC_3b673/fast' failed
make: *** [cmTC_3b673/fast] Error 2

File /content/root_src_37/root_build/CMakeFiles/CMakeTmp/CheckSymbolExists.c:
/* */
#include <dlfcn.h>

int main(int argc, char** argv)
{
  (void)argv;
#ifndef dladdr
  return ((int*)(&dladdr))[argc];
#else
  (void)argc;
  return 0;
#endif
}

Performing C++ SOURCE FILE Test SUPPORTS_GNU_ZERO_VARIADIC_MACRO_ARGUMENTS_FLAG failed with the following output:
Change Dir: /content/root_src_37/root_build/CMakeFiles/CMakeTmp

Run Build Command:"/usr/bin/make" "cmTC_88a07/fast"
/usr/bin/make -f CMakeFiles/cmTC_88a07.dir/build.make CMakeFiles/cmTC_88a07.dir/build
make[1]: Entering directory '/content/root_src_37/root_build/CMakeFiles/CMakeTmp'
Building CXX object CMakeFiles/cmTC_88a07.dir/src.cxx.o
/usr/bin/c++    -std=c++11 -Wno-implicit-fallthrough -Wno-noexcept-type -pipe  -Wshadow -Wall -W -Woverloaded-virtual -fsigned-char -pthread -DSUPPORTS_GNU_ZERO_VARIADIC_MACRO_ARGUMENTS_FLAG   -Wgnu-zero-variadic-macro-arguments -std=c++11 -o CMakeFiles/cmTC_88a07.dir/src.cxx.o -c /content/root_src_37/root_build/CMakeFiles/CMakeTmp/src.cxx
c++: error: unrecognized command line option '-Wgnu-zero-variadic-macro-arguments'; did you mean '-Wno-variadic-macros'?
CMakeFiles/cmTC_88a07.dir/build.make:65: recipe for target 'CMakeFiles/cmTC_88a07.dir/src.cxx.o' failed
make[1]: *** [CMakeFiles/cmTC_88a07.dir/src.cxx.o] Error 1
make[1]: Leaving directory '/content/root_src_37/root_build/CMakeFiles/CMakeTmp'
Makefile:121: recipe for target 'cmTC_88a07/fast' failed
make: *** [cmTC_88a07/fast] Error 2

Source file was:
int main() { return 0;}
Performing C++ SOURCE FILE Test CXX_SUPPORTS_NO_NESTED_ANON_TYPES_FLAG failed with the following output:
Change Dir: /content/root_src_37/root_build/CMakeFiles/CMakeTmp

Run Build Command:"/usr/bin/make" "cmTC_9c621/fast"
/usr/bin/make -f CMakeFiles/cmTC_9c621.dir/build.make CMakeFiles/cmTC_9c621.dir/build
make[1]: Entering directory '/content/root_src_37/root_build/CMakeFiles/CMakeTmp'
Building CXX object CMakeFiles/cmTC_9c621.dir/src.cxx.o
/usr/bin/c++    -std=c++11 -Wno-implicit-fallthrough -Wno-noexcept-type -pipe  -Wshadow -Wall -W -Woverloaded-virtual -fsigned-char -pthread -fPIC -fvisibility-inlines-hidden -Werror=date-time -std=c++11 -w -ffunction-sections -fdata-sections -fno-common -Woverloaded-virtual -fno-strict-aliasing -DCXX_SUPPORTS_NO_NESTED_ANON_TYPES_FLAG   -Werror -Wnested-anon-types -std=c++11 -o CMakeFiles/cmTC_9c621.dir/src.cxx.o -c /content/root_src_37/root_build/CMakeFiles/CMakeTmp/src.cxx
c++: error: unrecognized command line option '-Wnested-anon-types'; did you mean '-Wnested-externs'?
CMakeFiles/cmTC_9c621.dir/build.make:65: recipe for target 'CMakeFiles/cmTC_9c621.dir/src.cxx.o' failed
make[1]: *** [CMakeFiles/cmTC_9c621.dir/src.cxx.o] Error 1
make[1]: Leaving directory '/content/root_src_37/root_build/CMakeFiles/CMakeTmp'
Makefile:121: recipe for target 'cmTC_9c621/fast' failed
make: *** [cmTC_9c621/fast] Error 2

Source file was:
int main() { return 0;}
Determining if the m exist failed with the following output:
Change Dir: /content/root_src_37/root_build/CMakeFiles/CMakeTmp

Run Build Command:"/usr/bin/make" "cmTC_af30d/fast"
/usr/bin/make -f CMakeFiles/cmTC_af30d.dir/build.make CMakeFiles/cmTC_af30d.dir/build
make[1]: Entering directory '/content/root_src_37/root_build/CMakeFiles/CMakeTmp'
Building C object CMakeFiles/cmTC_af30d.dir/CheckSymbolExists.c.o
/usr/bin/cc   -Wno-implicit-fallthrough -pipe -Wall -W -pthread    -o CMakeFiles/cmTC_af30d.dir/CheckSymbolExists.c.o   -c /content/root_src_37/root_build/CMakeFiles/CMakeTmp/CheckSymbolExists.c
/content/root_src_37/root_build/CMakeFiles/CMakeTmp/CheckSymbolExists.c:2:10: fatal error: __sqrt_finite: No such file or directory
 #include <__sqrt_finite>
          ^~~~~~~~~~~~~~~
compilation terminated.
CMakeFiles/cmTC_af30d.dir/build.make:65: recipe for target 'CMakeFiles/cmTC_af30d.dir/CheckSymbolExists.c.o' failed
make[1]: *** [CMakeFiles/cmTC_af30d.dir/CheckSymbolExists.c.o] Error 1
make[1]: Leaving directory '/content/root_src_37/root_build/CMakeFiles/CMakeTmp'
Makefile:121: recipe for target 'cmTC_af30d/fast' failed
make: *** [cmTC_af30d/fast] Error 2

File /content/root_src_37/root_build/CMakeFiles/CMakeTmp/CheckSymbolExists.c:
/* */
#include <__sqrt_finite>

int main(int argc, char** argv)
{
  (void)argv;
#ifndef m
  return ((int*)(&m))[argc];
#else
  (void)argc;
  return 0;
#endif
}

Performing C++ SOURCE FILE Test found_stdstringview failed with the following output:
Change Dir: /content/root_src_37/root_build/CMakeFiles/CMakeTmp

Run Build Command:"/usr/bin/make" "cmTC_59332/fast"
/usr/bin/make -f CMakeFiles/cmTC_59332.dir/build.make CMakeFiles/cmTC_59332.dir/build
make[1]: Entering directory '/content/root_src_37/root_build/CMakeFiles/CMakeTmp'
Building CXX object CMakeFiles/cmTC_59332.dir/src.cxx.o
/usr/bin/c++    -std=c++11 -Wno-implicit-fallthrough -Wno-noexcept-type -pipe  -Wshadow -Wall -W -Woverloaded-virtual -fsigned-char -pthread -Dfound_stdstringview   -std=c++11 -o CMakeFiles/cmTC_59332.dir/src.cxx.o -c /content/root_src_37/root_build/CMakeFiles/CMakeTmp/src.cxx
/content/root_src_37/root_build/CMakeFiles/CMakeTmp/src.cxx: In function 'int main()':
/content/root_src_37/root_build/CMakeFiles/CMakeTmp/src.cxx:2:52: error: 'string_view' is not a member of 'std'
   int main() { char arr[3] = {'B', 'a', 'r'}; std::string_view strv(arr, sizeof(arr)); return 0;}
                                                    ^~~~~~~~~~~
/content/root_src_37/root_build/CMakeFiles/CMakeTmp/src.cxx:2:21: warning: unused variable 'arr' [-Wunused-variable]
   int main() { char arr[3] = {'B', 'a', 'r'}; std::string_view strv(arr, sizeof(arr)); return 0;}
                     ^~~
CMakeFiles/cmTC_59332.dir/build.make:65: recipe for target 'CMakeFiles/cmTC_59332.dir/src.cxx.o' failed
make[1]: *** [CMakeFiles/cmTC_59332.dir/src.cxx.o] Error 1
make[1]: Leaving directory '/content/root_src_37/root_build/CMakeFiles/CMakeTmp'
Makefile:121: recipe for target 'cmTC_59332/fast' failed
make: *** [cmTC_59332/fast] Error 2

Source file was:
#include <string_view>
  int main() { char arr[3] = {'B', 'a', 'r'}; std::string_view strv(arr, sizeof(arr)); return 0;}
Performing C++ SOURCE FILE Test found_stdexpstringview failed with the following output:
Change Dir: /content/root_src_37/root_build/CMakeFiles/CMakeTmp

Run Build Command:"/usr/bin/make" "cmTC_5d450/fast"
/usr/bin/make -f CMakeFiles/cmTC_5d450.dir/build.make CMakeFiles/cmTC_5d450.dir/build
make[1]: Entering directory '/content/root_src_37/root_build/CMakeFiles/CMakeTmp'
Building CXX object CMakeFiles/cmTC_5d450.dir/src.cxx.o
/usr/bin/c++    -std=c++11 -Wno-implicit-fallthrough -Wno-noexcept-type -pipe  -Wshadow -Wall -W -Woverloaded-virtual -fsigned-char -pthread -Dfound_stdexpstringview   -std=c++11 -o CMakeFiles/cmTC_5d450.dir/src.cxx.o -c /content/root_src_37/root_build/CMakeFiles/CMakeTmp/src.cxx
/content/root_src_37/root_build/CMakeFiles/CMakeTmp/src.cxx: In function 'int main()':
/content/root_src_37/root_build/CMakeFiles/CMakeTmp/src.cxx:2:53: error: 'std::experimental' has not been declared
    int main() { char arr[3] = {'B', 'a', 'r'}; std::experimental::string_view strv(arr, sizeof(arr)); return 0;}
                                                     ^~~~~~~~~~~~
/content/root_src_37/root_build/CMakeFiles/CMakeTmp/src.cxx:2:22: warning: unused variable 'arr' [-Wunused-variable]
    int main() { char arr[3] = {'B', 'a', 'r'}; std::experimental::string_view strv(arr, sizeof(arr)); return 0;}
                      ^~~
CMakeFiles/cmTC_5d450.dir/build.make:65: recipe for target 'CMakeFiles/cmTC_5d450.dir/src.cxx.o' failed
make[1]: *** [CMakeFiles/cmTC_5d450.dir/src.cxx.o] Error 1
make[1]: Leaving directory '/content/root_src_37/root_build/CMakeFiles/CMakeTmp'
Makefile:121: recipe for target 'cmTC_5d450/fast' failed
make: *** [cmTC_5d450/fast] Error 2

Source file was:
#include <experimental/string_view>
   int main() { char arr[3] = {'B', 'a', 'r'}; std::experimental::string_view strv(arr, sizeof(arr)); return 0;}
Performing C++ SOURCE FILE Test found_stdapply failed with the following output:
Change Dir: /content/root_src_37/root_build/CMakeFiles/CMakeTmp

Run Build Command:"/usr/bin/make" "cmTC_1e704/fast"
/usr/bin/make -f CMakeFiles/cmTC_1e704.dir/build.make CMakeFiles/cmTC_1e704.dir/build
make[1]: Entering directory '/content/root_src_37/root_build/CMakeFiles/CMakeTmp'
Building CXX object CMakeFiles/cmTC_1e704.dir/src.cxx.o
/usr/bin/c++    -std=c++11 -Wno-implicit-fallthrough -Wno-noexcept-type -pipe  -Wshadow -Wall -W -Woverloaded-virtual -fsigned-char -pthread -Dfound_stdapply   -std=c++11 -o CMakeFiles/cmTC_1e704.dir/src.cxx.o -c /content/root_src_37/root_build/CMakeFiles/CMakeTmp/src.cxx
/content/root_src_37/root_build/CMakeFiles/CMakeTmp/src.cxx: In function 'int main()':
/content/root_src_37/root_build/CMakeFiles/CMakeTmp/src.cxx:2:19: error: 'apply' is not a member of 'std'
 int main() { std::apply([](int, int){}, std::make_tuple(1,2)); return 0;}
                   ^~~~~
CMakeFiles/cmTC_1e704.dir/build.make:65: recipe for target 'CMakeFiles/cmTC_1e704.dir/src.cxx.o' failed
make[1]: *** [CMakeFiles/cmTC_1e704.dir/src.cxx.o] Error 1
make[1]: Leaving directory '/content/root_src_37/root_build/CMakeFiles/CMakeTmp'
Makefile:121: recipe for target 'cmTC_1e704/fast' failed
make: *** [cmTC_1e704/fast] Error 2

Source file was:
#include <tuple>
int main() { std::apply([](int, int){}, std::make_tuple(1,2)); return 0;}
Performing C++ SOURCE FILE Test found_stdinvoke failed with the following output:
Change Dir: /content/root_src_37/root_build/CMakeFiles/CMakeTmp

Run Build Command:"/usr/bin/make" "cmTC_37047/fast"
/usr/bin/make -f CMakeFiles/cmTC_37047.dir/build.make CMakeFiles/cmTC_37047.dir/build
make[1]: Entering directory '/content/root_src_37/root_build/CMakeFiles/CMakeTmp'
Building CXX object CMakeFiles/cmTC_37047.dir/src.cxx.o
/usr/bin/c++    -std=c++11 -Wno-implicit-fallthrough -Wno-noexcept-type -pipe  -Wshadow -Wall -W -Woverloaded-virtual -fsigned-char -pthread -Dfound_stdinvoke   -std=c++11 -o CMakeFiles/cmTC_37047.dir/src.cxx.o -c /content/root_src_37/root_build/CMakeFiles/CMakeTmp/src.cxx
/content/root_src_37/root_build/CMakeFiles/CMakeTmp/src.cxx: In function 'int main()':
/content/root_src_37/root_build/CMakeFiles/CMakeTmp/src.cxx:2:26: error: 'invoke' is not a member of 'std'
 int main() { return std::invoke([](int i){return i;}, 0); }
                          ^~~~~~
/content/root_src_37/root_build/CMakeFiles/CMakeTmp/src.cxx:2:26: note: suggested alternative: '__invoke'
 int main() { return std::invoke([](int i){return i;}, 0); }
                          ^~~~~~
                          __invoke
CMakeFiles/cmTC_37047.dir/build.make:65: recipe for target 'CMakeFiles/cmTC_37047.dir/src.cxx.o' failed
make[1]: *** [CMakeFiles/cmTC_37047.dir/src.cxx.o] Error 1
make[1]: Leaving directory '/content/root_src_37/root_build/CMakeFiles/CMakeTmp'
Makefile:121: recipe for target 'cmTC_37047/fast' failed
make: *** [cmTC_37047/fast] Error 2

Source file was:
#include <functional>
int main() { return std::invoke([](int i){return i;}, 0); }
Performing C++ SOURCE FILE Test found_stdindexsequence failed with the following output:
Change Dir: /content/root_src_37/root_build/CMakeFiles/CMakeTmp

Run Build Command:"/usr/bin/make" "cmTC_f53a1/fast"
/usr/bin/make -f CMakeFiles/cmTC_f53a1.dir/build.make CMakeFiles/cmTC_f53a1.dir/build
make[1]: Entering directory '/content/root_src_37/root_build/CMakeFiles/CMakeTmp'
Building CXX object CMakeFiles/cmTC_f53a1.dir/src.cxx.o
/usr/bin/c++    -std=c++11 -Wno-implicit-fallthrough -Wno-noexcept-type -pipe  -Wshadow -Wall -W -Woverloaded-virtual -fsigned-char -pthread -Dfound_stdindexsequence   -std=c++11 -o CMakeFiles/cmTC_f53a1.dir/src.cxx.o -c /content/root_src_37/root_build/CMakeFiles/CMakeTmp/src.cxx
/content/root_src_37/root_build/CMakeFiles/CMakeTmp/src.cxx: In function 'int main()':
/content/root_src_37/root_build/CMakeFiles/CMakeTmp/src.cxx:4:35: error: 'integer_sequence' is not a member of 'std'
   static_assert(std::is_same<std::integer_sequence<std::size_t, 0, 1, 2>, std::make_index_sequence<3>>::value, "");
                                   ^~~~~~~~~~~~~~~~
/content/root_src_37/root_build/CMakeFiles/CMakeTmp/src.cxx:4:35: error: 'integer_sequence' is not a member of 'std'
/content/root_src_37/root_build/CMakeFiles/CMakeTmp/src.cxx:4:72: error: wrong number of template arguments (4, should be 2)
   static_assert(std::is_same<std::integer_sequence<std::size_t, 0, 1, 2>, std::make_index_sequence<3>>::value, "");
                                                                        ^
In file included from /usr/include/c++/7/bits/move.h:54:0,
                 from /usr/include/c++/7/bits/stl_pair.h:59,
                 from /usr/include/c++/7/utility:70,
                 from /content/root_src_37/root_build/CMakeFiles/CMakeTmp/src.cxx:1:
/usr/include/c++/7/type_traits:994:12: note: provided for 'template<class, class> struct std::is_same'
     struct is_same;
            ^~~~~~~
/content/root_src_37/root_build/CMakeFiles/CMakeTmp/src.cxx:4:75: error: expected string-literal before 'std'
   static_assert(std::is_same<std::integer_sequence<std::size_t, 0, 1, 2>, std::make_index_sequence<3>>::value, "");
                                                                           ^~~
/content/root_src_37/root_build/CMakeFiles/CMakeTmp/src.cxx:4:75: error: expected ')' before 'std'
CMakeFiles/cmTC_f53a1.dir/build.make:65: recipe for target 'CMakeFiles/cmTC_f53a1.dir/src.cxx.o' failed
make[1]: *** [CMakeFiles/cmTC_f53a1.dir/src.cxx.o] Error 1
make[1]: Leaving directory '/content/root_src_37/root_build/CMakeFiles/CMakeTmp'
Makefile:121: recipe for target 'cmTC_f53a1/fast' failed
make: *** [cmTC_f53a1/fast] Error 2

Source file was:
#include <utility>
#include <type_traits>
int main() {
  static_assert(std::is_same<std::integer_sequence<std::size_t, 0, 1, 2>, std::make_index_sequence<3>>::value, "");
  return 0;
}
